2016-08-29 15:48:07 DEBUG StandardEnvironment:110 - Adding [systemProperties] PropertySource with lowest search precedence
2016-08-29 15:48:07 DEBUG StandardEnvironment:110 - Adding [systemEnvironment] PropertySource with lowest search precedence
2016-08-29 15:48:07 DEBUG StandardEnvironment:126 - Initialized StandardEnvironment with PropertySources [systemProperties,systemEnvironment]
2016-08-29 15:48:07 INFO  AnnotationConfigApplicationContext:513 - Refreshing org.springframework.context.annotation.AnnotationConfigApplicationContext@7bc8804e: startup date [Mon Aug 29 15:48:07 WIB 2016]; root of context hierarchy
2016-08-29 15:48:07 DEBUG AnnotationConfigApplicationContext:543 - Bean factory for org.springframework.context.annotation.AnnotationConfigApplicationContext@7bc8804e: org.springframework.beans.factory.support.DefaultListableBeanFactory@2bc4f785: defining beans [org.springframework.context.annotation.internalConfigurationAnnotationProcessor,org.springframework.context.annotation.internalAutowiredAnnotationProcessor,org.springframework.context.annotation.internalRequiredAnnotationProcessor,org.springframework.context.annotation.internalCommonAnnotationProcessor,org.springframework.context.annotation.internalPersistenceAnnotationProcessor,appConfig]; root of factory hierarchy
2016-08-29 15:48:07 DEBUG DefaultListableBeanFactory:220 - Creating shared instance of singleton bean 'org.springframework.context.annotation.internalConfigurationAnnotationProcessor'
2016-08-29 15:48:07 DEBUG DefaultListableBeanFactory:449 - Creating instance of bean 'org.springframework.context.annotation.internalConfigurationAnnotationProcessor'
2016-08-29 15:48:07 DEBUG DefaultListableBeanFactory:523 - Eagerly caching bean 'org.springframework.context.annotation.internalConfigurationAnnotationProcessor' to allow for resolving potential circular references
2016-08-29 15:48:07 DEBUG DefaultListableBeanFactory:477 - Finished creating instance of bean 'org.springframework.context.annotation.internalConfigurationAnnotationProcessor'
2016-08-29 15:48:07 DEBUG StandardEnvironment:110 - Adding [class path resource [application.properties]] PropertySource with lowest search precedence
2016-08-29 15:48:07 DEBUG ConfigurationClassBeanDefinitionReader:160 - Registered bean definition for imported @Configuration class org.springframework.transaction.annotation.ProxyTransactionManagementConfiguration
2016-08-29 15:48:07 DEBUG ConfigurationClassBeanDefinitionReader:248 - Registering bean definition for @Bean method org.springframework.transaction.annotation.ProxyTransactionManagementConfiguration.org.springframework.transaction.config.internalTransactionAdvisor()
2016-08-29 15:48:07 DEBUG ConfigurationClassBeanDefinitionReader:248 - Registering bean definition for @Bean method org.springframework.transaction.annotation.ProxyTransactionManagementConfiguration.transactionAttributeSource()
2016-08-29 15:48:07 DEBUG ConfigurationClassBeanDefinitionReader:248 - Registering bean definition for @Bean method org.springframework.transaction.annotation.ProxyTransactionManagementConfiguration.transactionInterceptor()
2016-08-29 15:48:07 DEBUG ConfigurationClassBeanDefinitionReader:160 - Registered bean definition for imported @Configuration class lab.aikibo.config.HibernateConfiguration
2016-08-29 15:48:07 DEBUG ConfigurationClassBeanDefinitionReader:248 - Registering bean definition for @Bean method lab.aikibo.config.HibernateConfiguration.boneCPDs()
2016-08-29 15:48:07 DEBUG ConfigurationClassBeanDefinitionReader:248 - Registering bean definition for @Bean method lab.aikibo.config.AppConfig.server()
2016-08-29 15:48:07 DEBUG ConfigurationClassEnhancer:102 - Successfully enhanced lab.aikibo.config.AppConfig; enhanced class name is: lab.aikibo.config.AppConfig$$EnhancerBySpringCGLIB$$79f66963
2016-08-29 15:48:07 DEBUG ConfigurationClassPostProcessor:377 - Replacing bean definition 'appConfig' existing class name 'lab.aikibo.config.AppConfig' with enhanced class name 'lab.aikibo.config.AppConfig$$EnhancerBySpringCGLIB$$79f66963'
2016-08-29 15:48:07 DEBUG ConfigurationClassEnhancer:102 - Successfully enhanced org.springframework.transaction.annotation.ProxyTransactionManagementConfiguration; enhanced class name is: org.springframework.transaction.annotation.ProxyTransactionManagementConfiguration$$EnhancerBySpringCGLIB$$9217cd8d
2016-08-29 15:48:07 DEBUG ConfigurationClassPostProcessor:377 - Replacing bean definition 'org.springframework.transaction.annotation.ProxyTransactionManagementConfiguration' existing class name 'org.springframework.transaction.annotation.ProxyTransactionManagementConfiguration' with enhanced class name 'org.springframework.transaction.annotation.ProxyTransactionManagementConfiguration$$EnhancerBySpringCGLIB$$9217cd8d'
2016-08-29 15:48:07 DEBUG ConfigurationClassEnhancer:102 - Successfully enhanced lab.aikibo.config.HibernateConfiguration; enhanced class name is: lab.aikibo.config.HibernateConfiguration$$EnhancerBySpringCGLIB$$797ae3e8
2016-08-29 15:48:07 DEBUG ConfigurationClassPostProcessor:377 - Replacing bean definition 'lab.aikibo.config.HibernateConfiguration' existing class name 'lab.aikibo.config.HibernateConfiguration' with enhanced class name 'lab.aikibo.config.HibernateConfiguration$$EnhancerBySpringCGLIB$$797ae3e8'
2016-08-29 15:48:07 DEBUG DefaultListableBeanFactory:220 - Creating shared instance of singleton bean 'org.springframework.context.annotation.internalAutowiredAnnotationProcessor'
2016-08-29 15:48:07 DEBUG DefaultListableBeanFactory:449 - Creating instance of bean 'org.springframework.context.annotation.internalAutowiredAnnotationProcessor'
2016-08-29 15:48:07 DEBUG DefaultListableBeanFactory:523 - Eagerly caching bean 'org.springframework.context.annotation.internalAutowiredAnnotationProcessor' to allow for resolving potential circular references
2016-08-29 15:48:07 DEBUG DefaultListableBeanFactory:477 - Finished creating instance of bean 'org.springframework.context.annotation.internalAutowiredAnnotationProcessor'
2016-08-29 15:48:07 DEBUG DefaultListableBeanFactory:220 - Creating shared instance of singleton bean 'org.springframework.context.annotation.internalRequiredAnnotationProcessor'
2016-08-29 15:48:07 DEBUG DefaultListableBeanFactory:449 - Creating instance of bean 'org.springframework.context.annotation.internalRequiredAnnotationProcessor'
2016-08-29 15:48:07 DEBUG DefaultListableBeanFactory:523 - Eagerly caching bean 'org.springframework.context.annotation.internalRequiredAnnotationProcessor' to allow for resolving potential circular references
2016-08-29 15:48:07 DEBUG DefaultListableBeanFactory:477 - Finished creating instance of bean 'org.springframework.context.annotation.internalRequiredAnnotationProcessor'
2016-08-29 15:48:07 DEBUG DefaultListableBeanFactory:220 - Creating shared instance of singleton bean 'org.springframework.context.annotation.internalCommonAnnotationProcessor'
2016-08-29 15:48:07 DEBUG DefaultListableBeanFactory:449 - Creating instance of bean 'org.springframework.context.annotation.internalCommonAnnotationProcessor'
2016-08-29 15:48:07 DEBUG DefaultListableBeanFactory:523 - Eagerly caching bean 'org.springframework.context.annotation.internalCommonAnnotationProcessor' to allow for resolving potential circular references
2016-08-29 15:48:07 DEBUG DefaultListableBeanFactory:477 - Finished creating instance of bean 'org.springframework.context.annotation.internalCommonAnnotationProcessor'
2016-08-29 15:48:07 DEBUG DefaultListableBeanFactory:220 - Creating shared instance of singleton bean 'org.springframework.context.annotation.internalPersistenceAnnotationProcessor'
2016-08-29 15:48:07 DEBUG DefaultListableBeanFactory:449 - Creating instance of bean 'org.springframework.context.annotation.internalPersistenceAnnotationProcessor'
2016-08-29 15:48:07 DEBUG DefaultListableBeanFactory:523 - Eagerly caching bean 'org.springframework.context.annotation.internalPersistenceAnnotationProcessor' to allow for resolving potential circular references
2016-08-29 15:48:07 DEBUG DefaultListableBeanFactory:477 - Finished creating instance of bean 'org.springframework.context.annotation.internalPersistenceAnnotationProcessor'
2016-08-29 15:48:07 DEBUG DefaultListableBeanFactory:220 - Creating shared instance of singleton bean 'org.springframework.context.annotation.ConfigurationClassPostProcessor.importAwareProcessor'
2016-08-29 15:48:07 DEBUG DefaultListableBeanFactory:449 - Creating instance of bean 'org.springframework.context.annotation.ConfigurationClassPostProcessor.importAwareProcessor'
2016-08-29 15:48:07 DEBUG DefaultListableBeanFactory:523 - Eagerly caching bean 'org.springframework.context.annotation.ConfigurationClassPostProcessor.importAwareProcessor' to allow for resolving potential circular references
2016-08-29 15:48:07 DEBUG DefaultListableBeanFactory:477 - Finished creating instance of bean 'org.springframework.context.annotation.ConfigurationClassPostProcessor.importAwareProcessor'
2016-08-29 15:48:07 DEBUG DefaultListableBeanFactory:220 - Creating shared instance of singleton bean 'org.springframework.context.annotation.ConfigurationClassPostProcessor.enhancedConfigurationProcessor'
2016-08-29 15:48:07 DEBUG DefaultListableBeanFactory:449 - Creating instance of bean 'org.springframework.context.annotation.ConfigurationClassPostProcessor.enhancedConfigurationProcessor'
2016-08-29 15:48:07 DEBUG DefaultListableBeanFactory:523 - Eagerly caching bean 'org.springframework.context.annotation.ConfigurationClassPostProcessor.enhancedConfigurationProcessor' to allow for resolving potential circular references
2016-08-29 15:48:07 DEBUG DefaultListableBeanFactory:477 - Finished creating instance of bean 'org.springframework.context.annotation.ConfigurationClassPostProcessor.enhancedConfigurationProcessor'
2016-08-29 15:48:07 DEBUG DefaultListableBeanFactory:220 - Creating shared instance of singleton bean 'org.springframework.aop.config.internalAutoProxyCreator'
2016-08-29 15:48:07 DEBUG DefaultListableBeanFactory:449 - Creating instance of bean 'org.springframework.aop.config.internalAutoProxyCreator'
2016-08-29 15:48:07 DEBUG DefaultListableBeanFactory:523 - Eagerly caching bean 'org.springframework.aop.config.internalAutoProxyCreator' to allow for resolving potential circular references
2016-08-29 15:48:07 DEBUG DefaultListableBeanFactory:477 - Finished creating instance of bean 'org.springframework.aop.config.internalAutoProxyCreator'
2016-08-29 15:48:07 DEBUG AnnotationConfigApplicationContext:649 - Unable to locate MessageSource with name 'messageSource': using default [org.springframework.context.support.DelegatingMessageSource@3e346bae]
2016-08-29 15:48:07 DEBUG AnnotationConfigApplicationContext:673 - Unable to locate ApplicationEventMulticaster with name 'applicationEventMulticaster': using default [org.springframework.context.event.SimpleApplicationEventMulticaster@22733b4e]
2016-08-29 15:48:07 DEBUG DefaultListableBeanFactory:672 - Pre-instantiating singletons in org.springframework.beans.factory.support.DefaultListableBeanFactory@2bc4f785: defining beans [org.springframework.context.annotation.internalConfigurationAnnotationProcessor,org.springframework.context.annotation.internalAutowiredAnnotationProcessor,org.springframework.context.annotation.internalRequiredAnnotationProcessor,org.springframework.context.annotation.internalCommonAnnotationProcessor,org.springframework.context.annotation.internalPersistenceAnnotationProcessor,appConfig,org.springframework.context.annotation.ConfigurationClassPostProcessor.importAwareProcessor,org.springframework.context.annotation.ConfigurationClassPostProcessor.enhancedConfigurationProcessor,org.springframework.transaction.annotation.ProxyTransactionManagementConfiguration,org.springframework.transaction.config.internalTransactionAdvisor,transactionAttributeSource,transactionInterceptor,lab.aikibo.config.HibernateConfiguration,boneCPDs,org.springframework.aop.config.internalAutoProxyCreator,server]; root of factory hierarchy
2016-08-29 15:48:07 DEBUG DefaultListableBeanFactory:247 - Returning cached instance of singleton bean 'org.springframework.context.annotation.internalConfigurationAnnotationProcessor'
2016-08-29 15:48:07 DEBUG DefaultListableBeanFactory:247 - Returning cached instance of singleton bean 'org.springframework.context.annotation.internalAutowiredAnnotationProcessor'
2016-08-29 15:48:07 DEBUG DefaultListableBeanFactory:247 - Returning cached instance of singleton bean 'org.springframework.context.annotation.internalRequiredAnnotationProcessor'
2016-08-29 15:48:07 DEBUG DefaultListableBeanFactory:247 - Returning cached instance of singleton bean 'org.springframework.context.annotation.internalCommonAnnotationProcessor'
2016-08-29 15:48:07 DEBUG DefaultListableBeanFactory:247 - Returning cached instance of singleton bean 'org.springframework.context.annotation.internalPersistenceAnnotationProcessor'
2016-08-29 15:48:07 DEBUG DefaultListableBeanFactory:220 - Creating shared instance of singleton bean 'appConfig'
2016-08-29 15:48:07 DEBUG DefaultListableBeanFactory:449 - Creating instance of bean 'appConfig'
2016-08-29 15:48:07 DEBUG DefaultListableBeanFactory:523 - Eagerly caching bean 'appConfig' to allow for resolving potential circular references
2016-08-29 15:48:07 DEBUG DefaultListableBeanFactory:220 - Creating shared instance of singleton bean 'org.springframework.transaction.config.internalTransactionAdvisor'
2016-08-29 15:48:07 DEBUG DefaultListableBeanFactory:449 - Creating instance of bean 'org.springframework.transaction.config.internalTransactionAdvisor'
2016-08-29 15:48:07 DEBUG DefaultListableBeanFactory:220 - Creating shared instance of singleton bean 'org.springframework.transaction.annotation.ProxyTransactionManagementConfiguration'
2016-08-29 15:48:07 DEBUG DefaultListableBeanFactory:449 - Creating instance of bean 'org.springframework.transaction.annotation.ProxyTransactionManagementConfiguration'
2016-08-29 15:48:07 DEBUG InjectionMetadata:71 - Registered injected element on class [org.springframework.transaction.annotation.ProxyTransactionManagementConfiguration$$EnhancerBySpringCGLIB$$9217cd8d]: AutowiredMethodElement for void org.springframework.transaction.annotation.AbstractTransactionManagementConfiguration.setConfigurers(java.util.Collection)
2016-08-29 15:48:07 DEBUG DefaultListableBeanFactory:523 - Eagerly caching bean 'org.springframework.transaction.annotation.ProxyTransactionManagementConfiguration' to allow for resolving potential circular references
2016-08-29 15:48:07 DEBUG InjectionMetadata:85 - Processing injected method of bean 'org.springframework.transaction.annotation.ProxyTransactionManagementConfiguration': AutowiredMethodElement for void org.springframework.transaction.annotation.AbstractTransactionManagementConfiguration.setConfigurers(java.util.Collection)
2016-08-29 15:48:07 DEBUG DefaultListableBeanFactory:247 - Returning cached instance of singleton bean 'org.springframework.context.annotation.ConfigurationClassPostProcessor.importRegistry'
2016-08-29 15:48:07 DEBUG BeanFactoryAdvisorRetrievalHelper:87 - Skipping currently created advisor 'org.springframework.transaction.config.internalTransactionAdvisor'
2016-08-29 15:48:07 DEBUG DefaultListableBeanFactory:477 - Finished creating instance of bean 'org.springframework.transaction.annotation.ProxyTransactionManagementConfiguration'
2016-08-29 15:48:07 DEBUG DefaultListableBeanFactory:220 - Creating shared instance of singleton bean 'transactionAttributeSource'
2016-08-29 15:48:07 DEBUG DefaultListableBeanFactory:449 - Creating instance of bean 'transactionAttributeSource'
2016-08-29 15:48:07 DEBUG DefaultListableBeanFactory:247 - Returning cached instance of singleton bean 'org.springframework.transaction.annotation.ProxyTransactionManagementConfiguration'
2016-08-29 15:48:07 DEBUG DefaultListableBeanFactory:523 - Eagerly caching bean 'transactionAttributeSource' to allow for resolving potential circular references
2016-08-29 15:48:07 DEBUG BeanFactoryAdvisorRetrievalHelper:87 - Skipping currently created advisor 'org.springframework.transaction.config.internalTransactionAdvisor'
2016-08-29 15:48:07 DEBUG DefaultListableBeanFactory:477 - Finished creating instance of bean 'transactionAttributeSource'
2016-08-29 15:48:07 DEBUG DefaultListableBeanFactory:220 - Creating shared instance of singleton bean 'transactionInterceptor'
2016-08-29 15:48:07 DEBUG DefaultListableBeanFactory:449 - Creating instance of bean 'transactionInterceptor'
2016-08-29 15:48:07 DEBUG DefaultListableBeanFactory:247 - Returning cached instance of singleton bean 'org.springframework.transaction.annotation.ProxyTransactionManagementConfiguration'
2016-08-29 15:48:07 DEBUG DefaultListableBeanFactory:247 - Returning cached instance of singleton bean 'transactionAttributeSource'
2016-08-29 15:48:07 DEBUG DefaultListableBeanFactory:523 - Eagerly caching bean 'transactionInterceptor' to allow for resolving potential circular references
2016-08-29 15:48:07 DEBUG DefaultListableBeanFactory:1595 - Invoking afterPropertiesSet() on bean with name 'transactionInterceptor'
2016-08-29 15:48:07 DEBUG DefaultListableBeanFactory:477 - Finished creating instance of bean 'transactionInterceptor'
2016-08-29 15:48:07 DEBUG DefaultListableBeanFactory:523 - Eagerly caching bean 'org.springframework.transaction.config.internalTransactionAdvisor' to allow for resolving potential circular references
2016-08-29 15:48:07 DEBUG DefaultListableBeanFactory:477 - Finished creating instance of bean 'org.springframework.transaction.config.internalTransactionAdvisor'
2016-08-29 15:48:07 DEBUG DefaultListableBeanFactory:477 - Finished creating instance of bean 'appConfig'
2016-08-29 15:48:07 DEBUG DefaultListableBeanFactory:247 - Returning cached instance of singleton bean 'org.springframework.context.annotation.ConfigurationClassPostProcessor.importAwareProcessor'
2016-08-29 15:48:07 DEBUG DefaultListableBeanFactory:247 - Returning cached instance of singleton bean 'org.springframework.context.annotation.ConfigurationClassPostProcessor.enhancedConfigurationProcessor'
2016-08-29 15:48:07 DEBUG DefaultListableBeanFactory:247 - Returning cached instance of singleton bean 'org.springframework.transaction.annotation.ProxyTransactionManagementConfiguration'
2016-08-29 15:48:07 DEBUG DefaultListableBeanFactory:247 - Returning cached instance of singleton bean 'org.springframework.transaction.config.internalTransactionAdvisor'
2016-08-29 15:48:07 DEBUG DefaultListableBeanFactory:247 - Returning cached instance of singleton bean 'transactionAttributeSource'
2016-08-29 15:48:07 DEBUG DefaultListableBeanFactory:247 - Returning cached instance of singleton bean 'transactionInterceptor'
2016-08-29 15:48:07 DEBUG DefaultListableBeanFactory:220 - Creating shared instance of singleton bean 'lab.aikibo.config.HibernateConfiguration'
2016-08-29 15:48:07 DEBUG DefaultListableBeanFactory:449 - Creating instance of bean 'lab.aikibo.config.HibernateConfiguration'
2016-08-29 15:48:07 DEBUG InjectionMetadata:71 - Registered injected element on class [lab.aikibo.config.HibernateConfiguration$$EnhancerBySpringCGLIB$$797ae3e8]: AutowiredFieldElement for private org.springframework.core.env.Environment lab.aikibo.config.HibernateConfiguration.environment
2016-08-29 15:48:07 DEBUG DefaultListableBeanFactory:523 - Eagerly caching bean 'lab.aikibo.config.HibernateConfiguration' to allow for resolving potential circular references
2016-08-29 15:48:07 DEBUG InjectionMetadata:85 - Processing injected method of bean 'lab.aikibo.config.HibernateConfiguration': AutowiredFieldElement for private org.springframework.core.env.Environment lab.aikibo.config.HibernateConfiguration.environment
2016-08-29 15:48:07 DEBUG DefaultListableBeanFactory:247 - Returning cached instance of singleton bean 'environment'
2016-08-29 15:48:07 DEBUG AutowiredAnnotationBeanPostProcessor:427 - Autowiring by type from bean name 'lab.aikibo.config.HibernateConfiguration' to bean named 'environment'
2016-08-29 15:48:07 DEBUG DefaultListableBeanFactory:247 - Returning cached instance of singleton bean 'org.springframework.transaction.config.internalTransactionAdvisor'
2016-08-29 15:48:07 DEBUG DefaultListableBeanFactory:477 - Finished creating instance of bean 'lab.aikibo.config.HibernateConfiguration'
2016-08-29 15:48:07 DEBUG DefaultListableBeanFactory:220 - Creating shared instance of singleton bean 'boneCPDs'
2016-08-29 15:48:07 DEBUG DefaultListableBeanFactory:449 - Creating instance of bean 'boneCPDs'
2016-08-29 15:48:07 DEBUG DefaultListableBeanFactory:247 - Returning cached instance of singleton bean 'lab.aikibo.config.HibernateConfiguration'
2016-08-29 15:48:07 DEBUG PropertySourcesPropertyResolver:81 - Searching for key 'jdbc.driverClassName' in [systemProperties]
2016-08-29 15:48:07 DEBUG PropertySourcesPropertyResolver:81 - Searching for key 'jdbc.driverClassName' in [systemEnvironment]
2016-08-29 15:48:07 DEBUG PropertySourcesPropertyResolver:81 - Searching for key 'jdbc.driverClassName' in [class path resource [application.properties]]
2016-08-29 15:48:07 DEBUG PropertySourcesPropertyResolver:90 - Found key 'jdbc.driverClassName' in [class path resource [application.properties]] with type [String] and value 'oracle.jdbc.driver.OracleDriver'
2016-08-29 15:48:07 DEBUG PropertySourcesPropertyResolver:81 - Searching for key 'jdbc.url' in [systemProperties]
2016-08-29 15:48:07 DEBUG PropertySourcesPropertyResolver:81 - Searching for key 'jdbc.url' in [systemEnvironment]
2016-08-29 15:48:07 DEBUG PropertySourcesPropertyResolver:81 - Searching for key 'jdbc.url' in [class path resource [application.properties]]
2016-08-29 15:48:07 DEBUG PropertySourcesPropertyResolver:90 - Found key 'jdbc.url' in [class path resource [application.properties]] with type [String] and value 'jdbc:oracle:thin:pbbdummy/pbbdummy@192.168.2.7:1521/sismiopbck'
2016-08-29 15:48:07 DEBUG PropertySourcesPropertyResolver:81 - Searching for key 'jdbc.username' in [systemProperties]
2016-08-29 15:48:07 DEBUG PropertySourcesPropertyResolver:81 - Searching for key 'jdbc.username' in [systemEnvironment]
2016-08-29 15:48:07 DEBUG PropertySourcesPropertyResolver:81 - Searching for key 'jdbc.username' in [class path resource [application.properties]]
2016-08-29 15:48:07 DEBUG PropertySourcesPropertyResolver:90 - Found key 'jdbc.username' in [class path resource [application.properties]] with type [String] and value 'pbbdummy'
2016-08-29 15:48:07 DEBUG PropertySourcesPropertyResolver:81 - Searching for key 'jdbc.password' in [systemProperties]
2016-08-29 15:48:07 DEBUG PropertySourcesPropertyResolver:81 - Searching for key 'jdbc.password' in [systemEnvironment]
2016-08-29 15:48:07 DEBUG PropertySourcesPropertyResolver:81 - Searching for key 'jdbc.password' in [class path resource [application.properties]]
2016-08-29 15:48:07 DEBUG PropertySourcesPropertyResolver:90 - Found key 'jdbc.password' in [class path resource [application.properties]] with type [String] and value 'pbbdummy'
2016-08-29 15:48:07 DEBUG DefaultListableBeanFactory:523 - Eagerly caching bean 'boneCPDs' to allow for resolving potential circular references
2016-08-29 15:48:07 DEBUG DefaultListableBeanFactory:247 - Returning cached instance of singleton bean 'org.springframework.transaction.config.internalTransactionAdvisor'
2016-08-29 15:48:07 DEBUG DefaultListableBeanFactory:477 - Finished creating instance of bean 'boneCPDs'
2016-08-29 15:48:07 DEBUG DefaultListableBeanFactory:247 - Returning cached instance of singleton bean 'org.springframework.aop.config.internalAutoProxyCreator'
2016-08-29 15:48:07 DEBUG DefaultListableBeanFactory:220 - Creating shared instance of singleton bean 'server'
2016-08-29 15:48:07 DEBUG DefaultListableBeanFactory:449 - Creating instance of bean 'server'
2016-08-29 15:48:07 DEBUG DefaultListableBeanFactory:247 - Returning cached instance of singleton bean 'appConfig'
2016-08-29 15:48:07 DEBUG DefaultListableBeanFactory:523 - Eagerly caching bean 'server' to allow for resolving potential circular references
2016-08-29 15:48:07 DEBUG DefaultListableBeanFactory:247 - Returning cached instance of singleton bean 'org.springframework.transaction.config.internalTransactionAdvisor'
2016-08-29 15:48:07 DEBUG DefaultListableBeanFactory:477 - Finished creating instance of bean 'server'
2016-08-29 15:48:07 DEBUG AnnotationConfigApplicationContext:700 - Unable to locate LifecycleProcessor with name 'lifecycleProcessor': using default [org.springframework.context.support.DefaultLifecycleProcessor@6ef0ff5c]
2016-08-29 15:48:07 DEBUG DefaultListableBeanFactory:247 - Returning cached instance of singleton bean 'lifecycleProcessor'
2016-08-29 15:48:07 DEBUG PropertySourcesPropertyResolver:81 - Searching for key 'spring.liveBeansView.mbeanDomain' in [systemProperties]
2016-08-29 15:48:07 DEBUG PropertySourcesPropertyResolver:81 - Searching for key 'spring.liveBeansView.mbeanDomain' in [systemEnvironment]
2016-08-29 15:48:07 DEBUG PropertySourcesPropertyResolver:81 - Searching for key 'spring.liveBeansView.mbeanDomain' in [class path resource [application.properties]]
2016-08-29 15:48:07 DEBUG PropertySourcesPropertyResolver:103 - Could not find key 'spring.liveBeansView.mbeanDomain' in any property source. Returning [null]
2016-08-29 15:48:07 DEBUG DefaultListableBeanFactory:247 - Returning cached instance of singleton bean 'server'
2016-08-29 15:48:07 DEBUG App:26 - Server siap menerima koneksi pada port [15243]
2016-08-29 15:48:07 DEBUG App:24 - Server memulai aktifitas.
2016-08-29 15:53:46 DEBUG App:18 - Server menerima koneksi dari [127.0.0.1]
2016-08-29 15:53:46 DEBUG App:31 - Accepting Network Management Request
2016-08-29 15:59:21 DEBUG App:18 - Server menerima koneksi dari [127.0.0.1]
2016-08-29 15:59:21 DEBUG App:31 - Accepting Network Management Request
2016-08-29 16:00:51 DEBUG App:18 - Server menerima koneksi dari [127.0.0.1]
2016-08-29 16:00:51 DEBUG App:31 - Accepting Network Management Request
